<?xml version="1.0" encoding="UTF-8"?>
<!-- Generated by org.testng.reporters.JUnitXMLReporter -->
<testsuite ignored="2" hostname="MSI" failures="0" tests="11" name="auth-validation" time="216.826" errors="0" timestamp="2026-06-07T07:13:01 MYT">
  <testcase classname="com.shopcart.tests.F1_SignUpTest" name="customerSignupHappyPath" time="8.701"/>
  <testcase classname="com.shopcart.tests.F1_SignUpTest" name="emptyEmail" time="5.627"/>
  <testcase classname="com.shopcart.tests.F1_SignUpTest" name="emptyName" time="3.99"/>
  <testcase classname="com.shopcart.tests.F1_SignUpTest" name="emptyPassword" time="6.688"/>
  <testcase classname="com.shopcart.tests.F1_SignUpTest" name="sellerSignupHappyPath" time="6.917"/>
  <testcase classname="com.shopcart.tests.F2_SignInTest" name="customerLoginHappyPath" time="7.658"/>
  <testcase classname="com.shopcart.tests.F2_SignInTest" name="emptyEmail" time="8.206"/>
  <testcase classname="com.shopcart.tests.F2_SignInTest" name="emptyPassword" time="4.007"/>
  <testcase classname="com.shopcart.tests.F2_SignInTest" name="sellerLoginHappyPath" time="4.127"/>
  <testcase classname="com.shopcart.tests.F2_SignInTest" name="unknownUser" time="5.327"/>
  <testcase classname="com.shopcart.tests.F2_SignInTest" name="wrongPassword" time="5.532"/>
  <testcase classname="com.shopcart.base.BaseTest" name="@BeforeSuite initReport" time="0.0">
    <ignored/>
  </testcase> <!-- @BeforeSuite initReport -->
  <testcase classname="com.shopcart.base.BaseTest" name="@AfterSuite flushReport" time="0.0">
    <ignored/>
  </testcase> <!-- @AfterSuite flushReport -->
</testsuite> <!-- auth-validation -->
