<?xml version="1.0" encoding="UTF-8"?>
<!-- Generated by org.testng.reporters.JUnitXMLReporter -->
<testsuite ignored="2" hostname="MSI" failures="3" tests="11" name="auth-validation" time="66.272" errors="0" timestamp="2026-05-31T19:51:13 MYT">
  <testcase classname="com.shopcart.tests.F1_SignUpTest" name="customerSignupHappyPath" time="2.339">
    <failure type="java.lang.AssertionError" message="Expected redirect away from /Customerregister after valid signup expected [true] but found [false]">
      <![CDATA[java.lang.AssertionError: Expected redirect away from /Customerregister after valid signup expected [true] but found [false]
at com.shopcart.tests.F1_SignUpTest.customerSignupHappyPath(F1_SignUpTest.java:29)
at java.base/java.util.ArrayList.forEach(ArrayList.java:1511)
... Removed 34 stack frames]]>
    </failure>
  </testcase> <!-- customerSignupHappyPath -->
  <testcase classname="com.shopcart.tests.F1_SignUpTest" name="emptyEmail" time="0.692"/>
  <testcase classname="com.shopcart.tests.F1_SignUpTest" name="emptyName" time="0.744"/>
  <testcase classname="com.shopcart.tests.F1_SignUpTest" name="emptyPassword" time="0.977"/>
  <testcase classname="com.shopcart.tests.F1_SignUpTest" name="sellerSignupHappyPath" time="0.894">
    <failure type="java.lang.AssertionError" message="Expected redirect away from /Sellerregister after valid signup expected [true] but found [false]">
      <![CDATA[java.lang.AssertionError: Expected redirect away from /Sellerregister after valid signup expected [true] but found [false]
at com.shopcart.tests.F1_SignUpTest.sellerSignupHappyPath(F1_SignUpTest.java:44)
at java.base/java.util.ArrayList.forEach(ArrayList.java:1511)
... Removed 34 stack frames]]>
    </failure>
  </testcase> <!-- sellerSignupHappyPath -->
  <testcase classname="com.shopcart.tests.F2_SignInTest" name="customerLoginHappyPath" time="20.947">
    <failure type="java.lang.AssertionError" message="Expected redirect away from /Customerlogin after valid login expected [true] but found [false]">
      <![CDATA[java.lang.AssertionError: Expected redirect away from /Customerlogin after valid login expected [true] but found [false]
at com.shopcart.tests.F2_SignInTest.customerLoginHappyPath(F2_SignInTest.java:22)
at java.base/java.util.ArrayList.forEach(ArrayList.java:1511)
... Removed 34 stack frames]]>
    </failure>
  </testcase> <!-- customerLoginHappyPath -->
  <testcase classname="com.shopcart.tests.F2_SignInTest" name="emptyEmail" time="0.522"/>
  <testcase classname="com.shopcart.tests.F2_SignInTest" name="emptyPassword" time="0.546"/>
  <testcase classname="com.shopcart.tests.F2_SignInTest" name="sellerLoginHappyPath" time="1.417"/>
  <testcase classname="com.shopcart.tests.F2_SignInTest" name="unknownUser" time="1.022"/>
  <testcase classname="com.shopcart.tests.F2_SignInTest" name="wrongPassword" time="0.921"/>
  <testcase classname="com.shopcart.base.BaseTest" name="@BeforeSuite initReport" time="0.0">
    <ignored/>
  </testcase> <!-- @BeforeSuite initReport -->
  <testcase classname="com.shopcart.base.BaseTest" name="@AfterSuite flushReport" time="0.0">
    <ignored/>
  </testcase> <!-- @AfterSuite flushReport -->
</testsuite> <!-- auth-validation -->
