<?xml version="1.0" encoding="UTF-8"?>
<!-- Generated by org.testng.reporters.JUnitXMLReporter -->
<testsuite ignored="8" hostname="MSI" failures="0" tests="7" name="customer-flow" time="171.351" errors="0" timestamp="2026-06-07T07:15:53 MYT">
  <testcase classname="com.shopcart.tests.F3_SearchByNameTest" name="searchGibberish" time="22.932"/>
  <testcase classname="com.shopcart.tests.F3_SearchByNameTest" name="searchKnownProduct" time="5.191"/>
  <testcase classname="com.shopcart.tests.F4_SearchByCategoryTest" name="categoriesPopupOpens" time="3.243"/>
  <testcase classname="com.shopcart.tests.F5_AddToCartTest" name="addAsCustomer" time="9.939"/>
  <testcase classname="com.shopcart.tests.F6_AddShippingAddressTest" name="emptyShippingShowsErrors" time="11.005"/>
  <testcase classname="com.shopcart.tests.F6_AddShippingAddressTest" name="shippingHappyPath" time="32.781"/>
  <testcase classname="com.shopcart.tests.F7_AddReviewRatingTest" name="addReviewHappyPath" time="10.175"/>
  <testcase classname="com.shopcart.base.BaseTest" name="@BeforeSuite initReport" time="0.0">
    <ignored/>
  </testcase> <!-- @BeforeSuite initReport -->
  <testcase classname="com.shopcart.base.BaseTest" name="@BeforeSuite initReport" time="0.0">
    <ignored/>
  </testcase> <!-- @BeforeSuite initReport -->
  <testcase classname="com.shopcart.base.BaseTest" name="@BeforeSuite initReport" time="0.0">
    <ignored/>
  </testcase> <!-- @BeforeSuite initReport -->
  <testcase classname="com.shopcart.base.BaseTest" name="@BeforeSuite initReport" time="0.0">
    <ignored/>
  </testcase> <!-- @BeforeSuite initReport -->
  <testcase classname="com.shopcart.base.BaseTest" name="@AfterSuite flushReport" time="0.0">
    <ignored/>
  </testcase> <!-- @AfterSuite flushReport -->
  <testcase classname="com.shopcart.base.BaseTest" name="@AfterSuite flushReport" time="0.0">
    <ignored/>
  </testcase> <!-- @AfterSuite flushReport -->
  <testcase classname="com.shopcart.base.BaseTest" name="@AfterSuite flushReport" time="0.0">
    <ignored/>
  </testcase> <!-- @AfterSuite flushReport -->
  <testcase classname="com.shopcart.base.BaseTest" name="@AfterSuite flushReport" time="0.0">
    <ignored/>
  </testcase> <!-- @AfterSuite flushReport -->
</testsuite> <!-- customer-flow -->
