<?xml version="1.0" encoding="UTF-8"?>
<!-- Generated by org.testng.reporters.JUnitXMLReporter -->
<testsuite ignored="12" hostname="MSI" failures="0" tests="7" name="seller-flow" time="153.768" errors="0" timestamp="2026-06-07T07:18:26 MYT">
  <testcase classname="com.shopcart.tests.F8_AddProductTest" name="addProductHappyPath" time="26.03"/>
  <testcase classname="com.shopcart.tests.F9_DeleteProductTest" name="deleteProduct" time="10.294"/>
  <testcase classname="com.shopcart.tests.F10_EditProductTest" name="editProduct" time="9.227"/>
  <testcase classname="com.shopcart.tests.F11_ViewProductsTest" name="viewProducts" time="4.784"/>
  <testcase classname="com.shopcart.tests.F12_DeleteCustomerReviewTest" name="deleteReview" time="26.015"/>
  <testcase classname="com.shopcart.tests.F13_ViewAddedToCartTest" name="viewAddedToCart" time="8.623"/>
  <testcase classname="com.shopcart.tests.F14_ViewOutForDeliveryTest" name="viewOutForDelivery" time="6.324"/>
  <testcase classname="com.shopcart.base.BaseTest" name="@BeforeSuite initReport" time="0.0">
    <ignored/>
  </testcase> <!-- @BeforeSuite initReport -->
  <testcase classname="com.shopcart.base.BaseTest" name="@BeforeSuite initReport" time="0.0">
    <ignored/>
  </testcase> <!-- @BeforeSuite initReport -->
  <testcase classname="com.shopcart.base.BaseTest" name="@BeforeSuite initReport" time="0.0">
    <ignored/>
  </testcase> <!-- @BeforeSuite initReport -->
  <testcase classname="com.shopcart.base.BaseTest" name="@AfterSuite flushReport" time="0.0">
    <ignored/>
  </testcase> <!-- @AfterSuite flushReport -->
  <testcase classname="com.shopcart.base.BaseTest" name="@AfterSuite flushReport" time="0.0">
    <ignored/>
  </testcase> <!-- @AfterSuite flushReport -->
  <testcase classname="com.shopcart.base.BaseTest" name="@BeforeSuite initReport" time="0.0">
    <ignored/>
  </testcase> <!-- @BeforeSuite initReport -->
  <testcase classname="com.shopcart.base.BaseTest" name="@AfterSuite flushReport" time="0.0">
    <ignored/>
  </testcase> <!-- @AfterSuite flushReport -->
  <testcase classname="com.shopcart.base.BaseTest" name="@AfterSuite flushReport" time="0.0">
    <ignored/>
  </testcase> <!-- @AfterSuite flushReport -->
  <testcase classname="com.shopcart.base.BaseTest" name="@BeforeSuite initReport" time="0.0">
    <ignored/>
  </testcase> <!-- @BeforeSuite initReport -->
  <testcase classname="com.shopcart.base.BaseTest" name="@BeforeSuite initReport" time="0.0">
    <ignored/>
  </testcase> <!-- @BeforeSuite initReport -->
  <testcase classname="com.shopcart.base.BaseTest" name="@AfterSuite flushReport" time="0.0">
    <ignored/>
  </testcase> <!-- @AfterSuite flushReport -->
  <testcase classname="com.shopcart.base.BaseTest" name="@AfterSuite flushReport" time="0.0">
    <ignored/>
  </testcase> <!-- @AfterSuite flushReport -->
</testsuite> <!-- seller-flow -->
