<?xml version="1.0" encoding="UTF-8"?>
<!-- Generated by org.testng.reporters.JUnitReportReporter -->
<testsuite hostname="MSI" failures="0" tests="2" name="com.shopcart.tests.F6_AddShippingAddressTest" time="55.496" errors="0" timestamp="2026-06-07T07:18:27 MYT" skipped="0">
  <testcase classname="com.shopcart.tests.F6_AddShippingAddressTest" name="emptyShippingShowsErrors" time="17.636"/>
  <testcase classname="com.shopcart.tests.F6_AddShippingAddressTest" name="shippingHappyPath" time="37.860"/>
</testsuite> <!-- com.shopcart.tests.F6_AddShippingAddressTest -->
