<?xml version="1.0" encoding="UTF-8"?>
<!-- Generated by org.testng.reporters.JUnitReportReporter -->
<testsuite hostname="MSI" failures="0" tests="6" name="com.shopcart.tests.F2_SignInTest" time="25.308" errors="0" timestamp="2026-05-31T20:17:12 MYT" skipped="0">
  <testcase classname="com.shopcart.tests.F2_SignInTest" name="emptyPassword" time="3.513"/>
  <testcase classname="com.shopcart.tests.F2_SignInTest" name="wrongPassword" time="4.081"/>
  <testcase classname="com.shopcart.tests.F2_SignInTest" name="customerLoginHappyPath" time="4.078"/>
  <testcase classname="com.shopcart.tests.F2_SignInTest" name="sellerLoginHappyPath" time="4.987"/>
  <testcase classname="com.shopcart.tests.F2_SignInTest" name="unknownUser" time="5.117"/>
  <testcase classname="com.shopcart.tests.F2_SignInTest" name="emptyEmail" time="3.532"/>
</testsuite> <!-- com.shopcart.tests.F2_SignInTest -->
