<?xml version="1.0" encoding="UTF-8"?>
<!-- Generated by org.testng.reporters.JUnitReportReporter -->
<testsuite hostname="MSI" failures="0" tests="5" name="com.shopcart.tests.F1_SignUpTest" time="108.693" errors="0" timestamp="2026-06-07T07:18:27 MYT" skipped="0">
  <testcase classname="com.shopcart.tests.F1_SignUpTest" name="customerSignupHappyPath" time="31.390"/>
  <testcase classname="com.shopcart.tests.F1_SignUpTest" name="sellerSignupHappyPath" time="14.188"/>
  <testcase classname="com.shopcart.tests.F1_SignUpTest" name="emptyPassword" time="14.057"/>
  <testcase classname="com.shopcart.tests.F1_SignUpTest" name="emptyEmail" time="37.069"/>
  <testcase classname="com.shopcart.tests.F1_SignUpTest" name="emptyName" time="11.989"/>
</testsuite> <!-- com.shopcart.tests.F1_SignUpTest -->
