<?xml version="1.0" encoding="UTF-8"?>
<!-- Generated by org.testng.reporters.JUnitReportReporter -->
<testsuite hostname="MSI" failures="0" tests="2" name="com.shopcart.tests.F3_SearchByNameTest" time="62.169" errors="0" timestamp="2026-06-07T07:18:27 MYT" skipped="0">
  <testcase classname="com.shopcart.tests.F3_SearchByNameTest" name="searchGibberish" time="37.769"/>
  <testcase classname="com.shopcart.tests.F3_SearchByNameTest" name="searchKnownProduct" time="24.400"/>
</testsuite> <!-- com.shopcart.tests.F3_SearchByNameTest -->
